Arguments: 
  /usr/local/bin/node /opt/homebrew/bin/yarn init -í

PATH: 
  /Library/Java/JavaVirtualMachines/adoptopenjdk-8.jdk/Contents/Home/bin:/opt/homebrew/bin:/usr/local/bin:/usr/bin:/bin:/usr/sbin:/sbin:/Library/Apple/usr/bin:/Library/Frameworks/Mono.framework/Versions/Current/Commands:/Users/balazsszalay/Library/Android/sdk/emulator:/Users/balazsszalay/Library/Android/sdk/tools:/Users/balazsszalay/Library/Android/sdk/tools/bin:/Users/balazsszalay/Library/Android/sdk/platform-tools

Yarn version: 
  1.22.10

Node version: 
  16.2.0

Platform: 
  darwin arm64

Trace: 
  Error: canceled
      at Interface.<anonymous> (/opt/homebrew/lib/node_modules/yarn/lib/cli.js:136216:13)
      at Interface.emit (node:events:365:28)
      at Interface._ttyWrite (node:readline:1069:16)
      at ReadStream.onkeypress (node:readline:288:10)
      at ReadStream.emit (node:events:365:28)
      at emitKeys (node:internal/readline/utils:358:14)
      at emitKeys.next (<anonymous>)
      at ReadStream.onData (node:internal/readline/emitKeypressEvents:61:36)
      at ReadStream.emit (node:events:365:28)
      at addChunk (node:internal/streams/readable:314:12)

npm manifest: 
  No manifest

yarn manifest: 
  No manifest

Lockfile: 
  No lockfile
